<?xml version="1.0" encoding="UTF-8"?>
<testsuite xmlns:xsi="http://www.w3.org/2001/XMLSchema-instance" xsi:noNamespaceSchemaLocation="https://maven.apache.org/surefire/maven-surefire-plugin/xsd/surefire-test-report.xsd" name="RecipeTest" time="0.053" tests="43" errors="0" skipped="0" failures="0">
  <properties>
[...]
</properties>
  <testcase name="testSetAmtSugarCatchNegativeInt" classname="RecipeTest" time="0"/>
  <testcase name="testConstructorMilk" classname="RecipeTest" time="0"/>
  <testcase name="testConstructorName" classname="RecipeTest" time="0"/>
  <testcase name="testSetAmtCoffeeCatchNegativeInt" classname="RecipeTest" time="0"/>
  <testcase name="equalsWorksWithExactSameRecipes" classname="RecipeTest" time="0"/>
  <testcase name="equalsReturnsFalseWhenRecipeIsDifferentObject" classname="RecipeTest" time="0"/>
  <testcase name="testHashWithName" classname="RecipeTest" time="0"/>
  <testcase name="testSetAmtChocolateValid" classname="RecipeTest" time="0"/>
  <testcase name="testGetAmtMilkValid" classname="RecipeTest" time="0"/>
  <testcase name="ingredientsEqualsReturnsFalseWhenRecipeIsDifferentObject" classname="RecipeTest" time="0"/>
  <testcase name="testConstructorSugar" classname="RecipeTest" time="0.003"/>
  <testcase name="testGetAmtChocolateValid" classname="RecipeTest" time="0"/>
  <testcase name="testHashWithNoName" classname="RecipeTest" time="0"/>
  <testcase name="testSetAmtCoffeeValid" classname="RecipeTest" time="0"/>
  <testcase name="testSetNameNull" classname="RecipeTest" time="0"/>
  <testcase name="testSetAmtSugarValid" classname="RecipeTest" time="0"/>
  <testcase name="testConctructorPrice" classname="RecipeTest" time="0"/>
  <testcase name="testSetAmtMilkValid" classname="RecipeTest" time="0"/>
  <testcase name="testConstructorCoffee" classname="RecipeTest" time="0"/>
  <testcase name="testSetAmtChocolatecCatchInt" classname="RecipeTest" time="0"/>
  <testcase name="ingredientsEqualsWorksWithSimilarRecipes" classname="RecipeTest" time="0"/>
  <testcase name="testGetName" classname="RecipeTest" time="0"/>
  <testcase name="testSetPriceCatchInt" classname="RecipeTest" time="0"/>
  <testcase name="testSetPriceCatchNegativeInt" classname="RecipeTest" time="0.001"/>
  <testcase name="testGetAmtCoffeeValid" classname="RecipeTest" time="0.001"/>
  <testcase name="testSetAmtCoffeeCatchInt" classname="RecipeTest" time="0.013"/>
  <testcase name="equalsWhenNamesAreDiffernet" classname="RecipeTest" time="0"/>
  <testcase name="testGetPriceValid" classname="RecipeTest" time="0"/>
  <testcase name="testSetAmtChocolateCatchnNegativeInt" classname="RecipeTest" time="0"/>
  <testcase name="equalsFalseWhenNameIsNull" classname="RecipeTest" time="0.001"/>
  <testcase name="equalsReturnsFalseWhenRecipeNull" classname="RecipeTest" time="0.002"/>
  <testcase name="ingredientsEqualsAreNotEqual" classname="RecipeTest" time="0.001"/>
  <testcase name="ingredientsEqualsWhenTheyreTheSame" classname="RecipeTest" time="0.001"/>
  <testcase name="testGetAmtSugarValid" classname="RecipeTest" time="0.001"/>
  <testcase name="testSetPriceValid" classname="RecipeTest" time="0.001"/>
  <testcase name="testConstructorChocolate" classname="RecipeTest" time="0.001"/>
  <testcase name="ingredientsEqualsReturnsFalseWhenRecipeNull" classname="RecipeTest" time="0.001"/>
  <testcase name="testSetAmtSugarCatchInt" classname="RecipeTest" time="0.002"/>
  <testcase name="testSetName" classname="RecipeTest" time="0.001"/>
  <testcase name="ingredientsFalseWhenNameIsNull" classname="RecipeTest" time="0.001"/>
  <testcase name="testSetAmtMilkCatchNegativeInt" classname="RecipeTest" time="0.002"/>
  <testcase name="testSetAmtMilkCatchInt" classname="RecipeTest" time="0.002"/>
  <testcase name="equalsWhenNamesAreSimilar" classname="RecipeTest" time="0.001"/>
</testsuite>