<?xml version="1.0" encoding="UTF-8"?>
<testsuite xmlns:xsi="http://www.w3.org/2001/XMLSchema-instance" xsi:noNamespaceSchemaLocation="https://maven.apache.org/surefire/maven-surefire-plugin/xsd/surefire-test-report.xsd" name="InventoryTest" time="0.827" tests="55" errors="0" skipped="8" failures="0">
  <properties>
[...]
</properties>
  <testcase name="testEnoughIngredientsNotEnoughChocolate" classname="InventoryTest" time="0.113"/>
  <testcase name="testGetChocolateNo" classname="InventoryTest" time="0">
    <skipped message="void InventoryTest.testGetChocolateNo() is @Disabled"/>
  </testcase>
  <testcase name="testAddCoffeeWithNegativeInteger" classname="InventoryTest" time="0.004"/>
  <testcase name="testAddSugarWithPositiveFloat" classname="InventoryTest" time="0.001"/>
  <testcase name="testEnoughIngredientsNotEnoughSugar" classname="InventoryTest" time="0.001"/>
  <testcase name="testAddMilkWithNull" classname="InventoryTest" time="0.002"/>
  <testcase name="testGetSugar" classname="InventoryTest" time="0.001"/>
  <testcase name="testAddChocolateWithNull" classname="InventoryTest" time="0.002"/>
  <testcase name="testEnoughIngredientsWithNull" classname="InventoryTest" time="0.002"/>
  <testcase name="testInventory" classname="InventoryTest" time="0">
    <skipped message="void InventoryTest.testInventory() is @Disabled"/>
  </testcase>
  <testcase name="testAddSugarWithNull" classname="InventoryTest" time="0.001"/>
  <testcase name="testEnoughIngredientsNotEnoughMilk" classname="InventoryTest" time="0.002"/>
  <testcase name="testEnoughIngredientsPlentyResources" classname="InventoryTest" time="0.002"/>
  <testcase name="testSetCoffeeWithPositiveInteger" classname="InventoryTest" time="0.001"/>
  <testcase name="testToString" classname="InventoryTest" time="0.001"/>
  <testcase name="testAddMilkWithPositiveInteger" classname="InventoryTest" time="0"/>
  <testcase name="testAddSugarWithNegativeFloat" classname="InventoryTest" time="0.001"/>
  <testcase name="testSetCoffeeWithNegativeInteger" classname="InventoryTest" time="0.002"/>
  <testcase name="testAddMilkWithNegativeInteger" classname="InventoryTest" time="0.001"/>
  <testcase name="testSetSugarToZero" classname="InventoryTest" time="0"/>
  <testcase name="testAddCoffeeWithNull" classname="InventoryTest" time="0.001"/>
  <testcase name="testAddSugarWithPositiveInteger" classname="InventoryTest" time="0.001"/>
  <testcase name="testGetMilk" classname="InventoryTest" time="0"/>
  <testcase name="testEnoughIngredientsNotEnoughCoffee" classname="InventoryTest" time="0.001"/>
  <testcase name="testSetMilkToZero" classname="InventoryTest" time="0"/>
  <testcase name="testAddSugarWithNegativeInteger" classname="InventoryTest" time="0.001"/>
  <testcase name="testAddMilkWithPositiveFloat" classname="InventoryTest" time="0.001"/>
  <testcase name="testAddChocolateWithPositiveFloat" classname="InventoryTest" time="0"/>
  <testcase name="testSetChocolateToZero" classname="InventoryTest" time="0.001"/>
  <testcase name="testSetCoffeeToZero" classname="InventoryTest" time="0.001"/>
  <testcase name="testSetSugarOnMultipleThreads" classname="InventoryTest" time="0">
    <skipped message="void InventoryTest.testSetSugarOnMultipleThreads() is @Disabled"/>
  </testcase>
  <testcase name="testUseIngredientsNotEnoughResources" classname="InventoryTest" time="0.012"/>
  <testcase name="testAddSugarOnMultipleThreads" classname="InventoryTest" time="0">
    <skipped message="void InventoryTest.testAddSugarOnMultipleThreads() is @Disabled"/>
  </testcase>
  <testcase name="testUseIngredientsSufficientResources" classname="InventoryTest" time="0.005"/>
  <testcase name="testEnoughIngredientsOnMultipleThreads" classname="InventoryTest" time="0">
    <skipped message="void InventoryTest.testEnoughIngredientsOnMultipleThreads() is @Disabled"/>
  </testcase>
  <testcase name="testAddMilkWithNegativeFloat" classname="InventoryTest" time="0.001"/>
  <testcase name="testGetCoffeeNo" classname="InventoryTest" time="0">
    <skipped message="void InventoryTest.testGetCoffeeNo() is @Disabled"/>
  </testcase>
  <testcase name="testSetSugarWithPositiveInteger" classname="InventoryTest" time="0"/>
  <testcase name="testAddChocolateWithNegativeFloat" classname="InventoryTest" time="0.001"/>
  <testcase name="testUseIngredientsWithNull" classname="InventoryTest" time="0.001"/>
  <testcase name="testSetMilkWithPositiveInteger" classname="InventoryTest" time="0.001"/>
  <testcase name="testSetSugarWithNegativeInteger" classname="InventoryTest" time="0"/>
  <testcase name="testSetMilkWithNegativeInteger" classname="InventoryTest" time="0"/>
  <testcase name="testGetCoffee" classname="InventoryTest" time="0"/>
  <testcase name="testAddCoffeeWithPositiveFloat" classname="InventoryTest" time="0"/>
  <testcase name="testGetMilkNo" classname="InventoryTest" time="0">
    <skipped message="void InventoryTest.testGetMilkNo() is @Disabled"/>
  </testcase>
  <testcase name="testAddChocolateWithPositiveInteger" classname="InventoryTest" time="0.001"/>
  <testcase name="testGetChocolate" classname="InventoryTest" time="0"/>
  <testcase name="testEnoughIngredientsSufficientResources" classname="InventoryTest" time="0.002"/>
  <testcase name="testAddMilkOnMultipleThreads" classname="InventoryTest" time="0">
    <skipped message="void InventoryTest.testAddMilkOnMultipleThreads() is @Disabled"/>
  </testcase>
  <testcase name="testAddChocolateWithNegativeInteger" classname="InventoryTest" time="0.001"/>
  <testcase name="testSetChocolateWithPositiveInteger" classname="InventoryTest" time="0"/>
  <testcase name="testAddCoffeeWithPositiveInteger" classname="InventoryTest" time="0.001"/>
  <testcase name="testAddCoffeeWithNegativeFloat" classname="InventoryTest" time="0.001"/>
  <testcase name="testSetChocolateWithNegativeInteger" classname="InventoryTest" time="0"/>
</testsuite>